<?xml version="1.0" encoding="UTF-8"?>
<!-- Generated by org.testng.reporters.JUnitReportReporter -->
<testsuite hostname="143MAK" failures="0" tests="1" name="com.myshop.testcase.OrderPageTest" time="19.952" errors="0" timestamp="2024-07-16T17:15:27 IST" skipped="0">
  <testcase classname="com.myshop.testcase.OrderPageTest" name="verifyOrderPageTest" time="19.952"/>
</testsuite> <!-- com.myshop.testcase.OrderPageTest -->
