<?xml version="1.0" encoding="UTF-8"?>
<!-- Generated by org.testng.reporters.JUnitReportReporter -->
<testsuite hostname="143MAK" failures="0" tests="1" name="com.myshop.testcase.AccountCreationTest" time="12.283" errors="0" timestamp="2024-07-09T19:05:42 IST" skipped="0">
  <testcase classname="com.myshop.testcase.AccountCreationTest" name="verifyRegisterAccountWithMandatoryField" time="12.283"/>
</testsuite> <!-- com.myshop.testcase.AccountCreationTest -->
