<?xml version="1.0" encoding="UTF-8"?>
<!-- Generated by org.testng.reporters.JUnitReportReporter -->
<testsuite hostname="143MAK" failures="0" tests="2" name="com.myshop.testcase.ForgotPasswordTest" time="24.576" errors="0" timestamp="2024-07-09T21:14:21 IST" skipped="0">
  <testcase classname="com.myshop.testcase.ForgotPasswordTest" name="verifyForgotPasswordWithEnteringValidEmail" time="13.311"/>
  <testcase classname="com.myshop.testcase.ForgotPasswordTest" name="verifyForgotPasswordWithOutEnteringEmail" time="11.265"/>
</testsuite> <!-- com.myshop.testcase.ForgotPasswordTest -->
