<?xml version="1.0" encoding="UTF-8"?>
<!-- Generated by org.testng.reporters.JUnitReportReporter -->
<testsuite hostname="143MAK" failures="0" tests="1" name="com.myshop.testcase.AddToCartTest" time="20.814" errors="0" timestamp="2024-07-15T17:23:38 IST" skipped="0">
  <testcase classname="com.myshop.testcase.AddToCartTest" name="validProductAddToCartTest" time="20.814"/>
</testsuite> <!-- com.myshop.testcase.AddToCartTest -->
