<?xml version="1.0" encoding="UTF-8"?>
<!-- Generated by org.testng.reporters.JUnitReportReporter -->
<testsuite hostname="143MAK" failures="0" tests="3" name="annotations.ClassOne" time="0.012" errors="0" timestamp="2024-07-25T21:43:19 IST" skipped="0">
  <testcase classname="annotations.ClassOne" name="searchProductTest" time="0.002"/>
  <testcase classname="annotations.ClassOne" name="addToCartProductTest" time="0.006"/>
  <testcase classname="annotations.ClassOne" name="orderProductTest" time="0.004"/>
</testsuite> <!-- annotations.ClassOne -->
