<?xml version="1.0" encoding="UTF-8"?>
<!-- Generated by org.testng.reporters.JUnitReportReporter -->
<testsuite hostname="143MAK" failures="0" tests="3" name="annotations.ClassTwo" time="0.004" errors="0" timestamp="2024-07-25T21:43:19 IST" skipped="0">
  <testcase classname="annotations.ClassTwo" name="addToCartProductTest" time="0.001"/>
  <testcase classname="annotations.ClassTwo" name="orderProductTest" time="0.002"/>
  <testcase classname="annotations.ClassTwo" name="searchProductTest" time="0.001"/>
</testsuite> <!-- annotations.ClassTwo -->
