<?xml version="1.0" encoding="UTF-8"?>
<!-- Generated by org.testng.reporters.JUnitReportReporter -->
<testsuite hostname="143MAK" failures="0" tests="1" name="annotations.ClassThree" time="0.003" errors="0" timestamp="2024-07-25T21:43:19 IST" skipped="0">
  <testcase classname="annotations.ClassThree" name="searchProductTest" time="0.003"/>
</testsuite> <!-- annotations.ClassThree -->
